2020-02-26 14:44:49.774  INFO 58508 --- [main] com.infy.chessapi.ApiApplication         : Starting ApiApplication on BLRKEC149273L with PID 58508 (C:\Users\andy.dearing\Desktop\Chess\API\target\classes started by andy.dearing in C:\Users\andy.dearing\Desktop\Chess\API)
2020-02-26 14:44:49.805  INFO 58508 --- [main] com.infy.chessapi.ApiApplication         : No active profile set, falling back to default profiles: default
2020-02-26 14:44:51.055  INFO 58508 --- [main] .s.d.r.c.RepositoryConfigurationDelegate : Bootstrapping Spring Data JPA repositories in DEFAULT mode.
2020-02-26 14:44:51.093  INFO 58508 --- [main] .s.d.r.c.RepositoryConfigurationDelegate : Finished Spring Data repository scanning in 31ms. Found 0 JPA repository interfaces.
2020-02-26 14:44:51.826  INFO 58508 --- [main] trationDelegate$BeanPostProcessorChecker : Bean 'org.springframework.transaction.annotation.ProxyTransactionManagementConfiguration' of type [org.springframework.transaction.annotation.ProxyTransactionManagementConfiguration$$EnhancerBySpringCGLIB$$274f5596] is not eligible for getting processed by all BeanPostProcessors (for example: not eligible for auto-proxying)
2020-02-26 14:44:52.532  INFO 58508 --- [main] o.s.b.w.embedded.tomcat.TomcatWebServer  : Tomcat initialized with port(s): 3333 (http)
2020-02-26 14:44:52.563  INFO 58508 --- [main] o.apache.catalina.core.StandardService   : Starting service [Tomcat]
2020-02-26 14:44:52.563  INFO 58508 --- [main] org.apache.catalina.core.StandardEngine  : Starting Servlet engine: [Apache Tomcat/9.0.30]
2020-02-26 14:44:52.748  INFO 58508 --- [main] o.a.c.c.C.[Tomcat].[localhost].[/]       : Initializing Spring embedded WebApplicationContext
2020-02-26 14:44:52.748  INFO 58508 --- [main] o.s.web.context.ContextLoader            : Root WebApplicationContext: initialization completed in 2859 ms
2020-02-26 14:44:52.964  INFO 58508 --- [main] com.zaxxer.hikari.HikariDataSource       : HikariPool-1 - Starting...
2020-02-26 14:44:53.868  INFO 58508 --- [main] com.zaxxer.hikari.HikariDataSource       : HikariPool-1 - Start completed.
2020-02-26 14:44:53.920  INFO 58508 --- [main] o.hibernate.jpa.internal.util.LogHelper  : HHH000204: Processing PersistenceUnitInfo [
	name: default
	...]
2020-02-26 14:44:54.036  INFO 58508 --- [main] org.hibernate.Version                    : HHH000412: Hibernate Core {5.3.15.Final}
2020-02-26 14:44:54.036  INFO 58508 --- [main] org.hibernate.cfg.Environment            : HHH000206: hibernate.properties not found
2020-02-26 14:44:54.284  INFO 58508 --- [main] o.hibernate.annotations.common.Version   : HCANN000001: Hibernate Commons Annotations {5.0.4.Final}
2020-02-26 14:44:54.538  INFO 58508 --- [main] org.hibernate.dialect.Dialect            : HHH000400: Using dialect: org.hibernate.dialect.MySQL8Dialect
2020-02-26 14:44:55.571  INFO 58508 --- [main] j.LocalContainerEntityManagerFactoryBean : Initialized JPA EntityManagerFactory for persistence unit 'default'
2020-02-26 14:44:56.025  INFO 58508 --- [main] o.s.s.concurrent.ThreadPoolTaskExecutor  : Initializing ExecutorService 'applicationTaskExecutor'
2020-02-26 14:44:56.094  WARN 58508 --- [main] aWebConfiguration$JpaWebMvcConfiguration : spring.jpa.open-in-view is enabled by default. Therefore, database queries may be performed during view rendering. Explicitly configure spring.jpa.open-in-view to disable this warning
2020-02-26 14:44:56.511  INFO 58508 --- [main] o.s.b.w.embedded.tomcat.TomcatWebServer  : Tomcat started on port(s): 3333 (http) with context path ''
2020-02-26 14:44:56.527  INFO 58508 --- [main] com.infy.chessapi.ApiApplication         : Started ApiApplication in 7.593 seconds (JVM running for 8.172)
2020-02-26 14:45:16.337  INFO 58508 --- [http-nio-3333-exec-2] o.a.c.c.C.[Tomcat].[localhost].[/]       : Initializing Spring DispatcherServlet 'dispatcherServlet'
2020-02-26 14:45:16.338  INFO 58508 --- [http-nio-3333-exec-2] o.s.web.servlet.DispatcherServlet        : Initializing Servlet 'dispatcherServlet'
2020-02-26 14:45:16.370  INFO 58508 --- [http-nio-3333-exec-2] o.s.web.servlet.DispatcherServlet        : Completed initialization in 32 ms
2020-02-26 14:49:33.096  INFO 85080 --- [main] com.infy.chessapi.ApiApplication         : Starting ApiApplication on BLRKEC149273L with PID 85080 (C:\Users\andy.dearing\Desktop\Chess\API\target\classes started by andy.dearing in C:\Users\andy.dearing\Desktop\Chess\API)
2020-02-26 14:49:33.112  INFO 85080 --- [main] com.infy.chessapi.ApiApplication         : No active profile set, falling back to default profiles: default
2020-02-26 14:49:34.887  INFO 85080 --- [main] .s.d.r.c.RepositoryConfigurationDelegate : Bootstrapping Spring Data JPA repositories in DEFAULT mode.
2020-02-26 14:49:34.928  INFO 85080 --- [main] .s.d.r.c.RepositoryConfigurationDelegate : Finished Spring Data repository scanning in 25ms. Found 0 JPA repository interfaces.
2020-02-26 14:49:35.769  INFO 85080 --- [main] trationDelegate$BeanPostProcessorChecker : Bean 'org.springframework.transaction.annotation.ProxyTransactionManagementConfiguration' of type [org.springframework.transaction.annotation.ProxyTransactionManagementConfiguration$$EnhancerBySpringCGLIB$$76705b08] is not eligible for getting processed by all BeanPostProcessors (for example: not eligible for auto-proxying)
2020-02-26 14:49:36.592  INFO 85080 --- [main] o.s.b.w.embedded.tomcat.TomcatWebServer  : Tomcat initialized with port(s): 3333 (http)
2020-02-26 14:49:36.647  INFO 85080 --- [main] o.apache.catalina.core.StandardService   : Starting service [Tomcat]
2020-02-26 14:49:36.647  INFO 85080 --- [main] org.apache.catalina.core.StandardEngine  : Starting Servlet engine: [Apache Tomcat/9.0.30]
2020-02-26 14:49:36.910  INFO 85080 --- [main] o.a.c.c.C.[Tomcat].[localhost].[/]       : Initializing Spring embedded WebApplicationContext
2020-02-26 14:49:36.910  INFO 85080 --- [main] o.s.web.context.ContextLoader            : Root WebApplicationContext: initialization completed in 3659 ms
2020-02-26 14:49:37.188  INFO 85080 --- [main] com.zaxxer.hikari.HikariDataSource       : HikariPool-1 - Starting...
2020-02-26 14:49:37.951  INFO 85080 --- [main] com.zaxxer.hikari.HikariDataSource       : HikariPool-1 - Start completed.
2020-02-26 14:49:38.036  INFO 85080 --- [main] o.hibernate.jpa.internal.util.LogHelper  : HHH000204: Processing PersistenceUnitInfo [
	name: default
	...]
2020-02-26 14:49:38.233  INFO 85080 --- [main] org.hibernate.Version                    : HHH000412: Hibernate Core {5.3.15.Final}
2020-02-26 14:49:38.242  INFO 85080 --- [main] org.hibernate.cfg.Environment            : HHH000206: hibernate.properties not found
2020-02-26 14:49:38.545  INFO 85080 --- [main] o.hibernate.annotations.common.Version   : HCANN000001: Hibernate Commons Annotations {5.0.4.Final}
2020-02-26 14:49:38.797  INFO 85080 --- [main] org.hibernate.dialect.Dialect            : HHH000400: Using dialect: org.hibernate.dialect.MySQL8Dialect
2020-02-26 14:49:40.006  INFO 85080 --- [main] j.LocalContainerEntityManagerFactoryBean : Initialized JPA EntityManagerFactory for persistence unit 'default'
2020-02-26 14:49:40.641  INFO 85080 --- [main] o.s.s.concurrent.ThreadPoolTaskExecutor  : Initializing ExecutorService 'applicationTaskExecutor'
2020-02-26 14:49:40.754  WARN 85080 --- [main] aWebConfiguration$JpaWebMvcConfiguration : spring.jpa.open-in-view is enabled by default. Therefore, database queries may be performed during view rendering. Explicitly configure spring.jpa.open-in-view to disable this warning
2020-02-26 14:49:41.284  INFO 85080 --- [main] o.s.b.w.embedded.tomcat.TomcatWebServer  : Tomcat started on port(s): 3333 (http) with context path ''
2020-02-26 14:49:41.284  INFO 85080 --- [main] com.infy.chessapi.ApiApplication         : Started ApiApplication in 9.175 seconds (JVM running for 10.478)
2020-02-26 14:49:47.024  INFO 85080 --- [http-nio-3333-exec-2] o.a.c.c.C.[Tomcat].[localhost].[/]       : Initializing Spring DispatcherServlet 'dispatcherServlet'
2020-02-26 14:49:47.025  INFO 85080 --- [http-nio-3333-exec-2] o.s.web.servlet.DispatcherServlet        : Initializing Servlet 'dispatcherServlet'
2020-02-26 14:49:47.042  INFO 85080 --- [http-nio-3333-exec-2] o.s.web.servlet.DispatcherServlet        : Completed initialization in 16 ms
2020-02-26 14:50:34.815  INFO 81872 --- [main] com.infy.chessapi.ApiApplication         : Starting ApiApplication on BLRKEC149273L with PID 81872 (C:\Users\andy.dearing\Desktop\Chess\API\target\classes started by andy.dearing in C:\Users\andy.dearing\Desktop\Chess\API)
2020-02-26 14:50:34.839  INFO 81872 --- [main] com.infy.chessapi.ApiApplication         : No active profile set, falling back to default profiles: default
2020-02-26 14:50:36.651  INFO 81872 --- [main] .s.d.r.c.RepositoryConfigurationDelegate : Bootstrapping Spring Data JPA repositories in DEFAULT mode.
2020-02-26 14:50:36.704  INFO 81872 --- [main] .s.d.r.c.RepositoryConfigurationDelegate : Finished Spring Data repository scanning in 38ms. Found 0 JPA repository interfaces.
2020-02-26 14:50:37.605  INFO 81872 --- [main] trationDelegate$BeanPostProcessorChecker : Bean 'org.springframework.transaction.annotation.ProxyTransactionManagementConfiguration' of type [org.springframework.transaction.annotation.ProxyTransactionManagementConfiguration$$EnhancerBySpringCGLIB$$de998518] is not eligible for getting processed by all BeanPostProcessors (for example: not eligible for auto-proxying)
2020-02-26 14:50:38.384  INFO 81872 --- [main] o.s.b.w.embedded.tomcat.TomcatWebServer  : Tomcat initialized with port(s): 3333 (http)
2020-02-26 14:50:38.438  INFO 81872 --- [main] o.apache.catalina.core.StandardService   : Starting service [Tomcat]
2020-02-26 14:50:38.438  INFO 81872 --- [main] org.apache.catalina.core.StandardEngine  : Starting Servlet engine: [Apache Tomcat/9.0.30]
2020-02-26 14:50:38.686  INFO 81872 --- [main] o.a.c.c.C.[Tomcat].[localhost].[/]       : Initializing Spring embedded WebApplicationContext
2020-02-26 14:50:38.686  INFO 81872 --- [main] o.s.web.context.ContextLoader            : Root WebApplicationContext: initialization completed in 3708 ms
2020-02-26 14:50:39.055  INFO 81872 --- [main] com.zaxxer.hikari.HikariDataSource       : HikariPool-1 - Starting...
2020-02-26 14:50:39.799  INFO 81872 --- [main] com.zaxxer.hikari.HikariDataSource       : HikariPool-1 - Start completed.
2020-02-26 14:50:39.883  INFO 81872 --- [main] o.hibernate.jpa.internal.util.LogHelper  : HHH000204: Processing PersistenceUnitInfo [
	name: default
	...]
2020-02-26 14:50:40.026  INFO 81872 --- [main] org.hibernate.Version                    : HHH000412: Hibernate Core {5.3.15.Final}
2020-02-26 14:50:40.042  INFO 81872 --- [main] org.hibernate.cfg.Environment            : HHH000206: hibernate.properties not found
2020-02-26 14:50:40.377  INFO 81872 --- [main] o.hibernate.annotations.common.Version   : HCANN000001: Hibernate Commons Annotations {5.0.4.Final}
2020-02-26 14:50:40.600  INFO 81872 --- [main] org.hibernate.dialect.Dialect            : HHH000400: Using dialect: org.hibernate.dialect.MySQL8Dialect
2020-02-26 14:50:41.943  INFO 81872 --- [main] j.LocalContainerEntityManagerFactoryBean : Initialized JPA EntityManagerFactory for persistence unit 'default'
2020-02-26 14:50:42.619  INFO 81872 --- [main] o.s.s.concurrent.ThreadPoolTaskExecutor  : Initializing ExecutorService 'applicationTaskExecutor'
2020-02-26 14:50:42.740  WARN 81872 --- [main] aWebConfiguration$JpaWebMvcConfiguration : spring.jpa.open-in-view is enabled by default. Therefore, database queries may be performed during view rendering. Explicitly configure spring.jpa.open-in-view to disable this warning
2020-02-26 14:50:43.412  INFO 81872 --- [main] o.s.b.w.embedded.tomcat.TomcatWebServer  : Tomcat started on port(s): 3333 (http) with context path ''
2020-02-26 14:50:43.414  INFO 81872 --- [main] com.infy.chessapi.ApiApplication         : Started ApiApplication in 9.5 seconds (JVM running for 10.627)
2020-02-26 14:50:47.286  INFO 81872 --- [http-nio-3333-exec-1] o.a.c.c.C.[Tomcat].[localhost].[/]       : Initializing Spring DispatcherServlet 'dispatcherServlet'
2020-02-26 14:50:47.289  INFO 81872 --- [http-nio-3333-exec-1] o.s.web.servlet.DispatcherServlet        : Initializing Servlet 'dispatcherServlet'
2020-02-26 14:50:47.304  INFO 81872 --- [http-nio-3333-exec-1] o.s.web.servlet.DispatcherServlet        : Completed initialization in 14 ms
2020-02-26 14:52:02.657  INFO 11556 --- [main] com.infy.chessapi.ApiApplication         : Starting ApiApplication on BLRKEC149273L with PID 11556 (C:\Users\andy.dearing\Desktop\Chess\API\target\classes started by andy.dearing in C:\Users\andy.dearing\Desktop\Chess\API)
2020-02-26 14:52:02.673  INFO 11556 --- [main] com.infy.chessapi.ApiApplication         : No active profile set, falling back to default profiles: default
2020-02-26 14:52:04.322  INFO 11556 --- [main] .s.d.r.c.RepositoryConfigurationDelegate : Bootstrapping Spring Data JPA repositories in DEFAULT mode.
2020-02-26 14:52:04.376  INFO 11556 --- [main] .s.d.r.c.RepositoryConfigurationDelegate : Finished Spring Data repository scanning in 38ms. Found 0 JPA repository interfaces.
2020-02-26 14:52:05.224  INFO 11556 --- [main] trationDelegate$BeanPostProcessorChecker : Bean 'org.springframework.transaction.annotation.ProxyTransactionManagementConfiguration' of type [org.springframework.transaction.annotation.ProxyTransactionManagementConfiguration$$EnhancerBySpringCGLIB$$a70f96da] is not eligible for getting processed by all BeanPostProcessors (for example: not eligible for auto-proxying)
2020-02-26 14:52:05.993  INFO 11556 --- [main] o.s.b.w.embedded.tomcat.TomcatWebServer  : Tomcat initialized with port(s): 3333 (http)
2020-02-26 14:52:06.047  INFO 11556 --- [main] o.apache.catalina.core.StandardService   : Starting service [Tomcat]
2020-02-26 14:52:06.047  INFO 11556 --- [main] org.apache.catalina.core.StandardEngine  : Starting Servlet engine: [Apache Tomcat/9.0.30]
2020-02-26 14:52:06.279  INFO 11556 --- [main] o.a.c.c.C.[Tomcat].[localhost].[/]       : Initializing Spring embedded WebApplicationContext
2020-02-26 14:52:06.279  INFO 11556 --- [main] o.s.web.context.ContextLoader            : Root WebApplicationContext: initialization completed in 3473 ms
2020-02-26 14:52:06.584  INFO 11556 --- [main] com.zaxxer.hikari.HikariDataSource       : HikariPool-1 - Starting...
2020-02-26 14:52:07.280  INFO 11556 --- [main] com.zaxxer.hikari.HikariDataSource       : HikariPool-1 - Start completed.
2020-02-26 14:52:07.358  INFO 11556 --- [main] o.hibernate.jpa.internal.util.LogHelper  : HHH000204: Processing PersistenceUnitInfo [
	name: default
	...]
2020-02-26 14:52:07.558  INFO 11556 --- [main] org.hibernate.Version                    : HHH000412: Hibernate Core {5.3.15.Final}
2020-02-26 14:52:07.558  INFO 11556 --- [main] org.hibernate.cfg.Environment            : HHH000206: hibernate.properties not found
2020-02-26 14:52:07.915  INFO 11556 --- [main] o.hibernate.annotations.common.Version   : HCANN000001: Hibernate Commons Annotations {5.0.4.Final}
2020-02-26 14:52:08.164  INFO 11556 --- [main] org.hibernate.dialect.Dialect            : HHH000400: Using dialect: org.hibernate.dialect.MySQL8Dialect
2020-02-26 14:52:09.547  INFO 11556 --- [main] j.LocalContainerEntityManagerFactoryBean : Initialized JPA EntityManagerFactory for persistence unit 'default'
2020-02-26 14:52:10.217  INFO 11556 --- [main] o.s.s.concurrent.ThreadPoolTaskExecutor  : Initializing ExecutorService 'applicationTaskExecutor'
2020-02-26 14:52:10.302  WARN 11556 --- [main] aWebConfiguration$JpaWebMvcConfiguration : spring.jpa.open-in-view is enabled by default. Therefore, database queries may be performed during view rendering. Explicitly configure spring.jpa.open-in-view to disable this warning
2020-02-26 14:52:10.800  INFO 11556 --- [main] o.s.b.w.embedded.tomcat.TomcatWebServer  : Tomcat started on port(s): 3333 (http) with context path ''
2020-02-26 14:52:10.806  INFO 11556 --- [main] com.infy.chessapi.ApiApplication         : Started ApiApplication in 9.151 seconds (JVM running for 10.338)
2020-02-26 14:52:23.009  INFO 11556 --- [http-nio-3333-exec-2] o.a.c.c.C.[Tomcat].[localhost].[/]       : Initializing Spring DispatcherServlet 'dispatcherServlet'
2020-02-26 14:52:23.010  INFO 11556 --- [http-nio-3333-exec-2] o.s.web.servlet.DispatcherServlet        : Initializing Servlet 'dispatcherServlet'
2020-02-26 14:52:23.024  INFO 11556 --- [http-nio-3333-exec-2] o.s.web.servlet.DispatcherServlet        : Completed initialization in 14 ms
2020-02-26 14:53:00.936  INFO 84792 --- [main] com.infy.chessapi.ApiApplication         : Starting ApiApplication on BLRKEC149273L with PID 84792 (C:\Users\andy.dearing\Desktop\Chess\API\target\classes started by andy.dearing in C:\Users\andy.dearing\Desktop\Chess\API)
2020-02-26 14:53:00.946  INFO 84792 --- [main] com.infy.chessapi.ApiApplication         : No active profile set, falling back to default profiles: default
2020-02-26 14:53:02.804  INFO 84792 --- [main] .s.d.r.c.RepositoryConfigurationDelegate : Bootstrapping Spring Data JPA repositories in DEFAULT mode.
2020-02-26 14:53:02.864  INFO 84792 --- [main] .s.d.r.c.RepositoryConfigurationDelegate : Finished Spring Data repository scanning in 41ms. Found 0 JPA repository interfaces.
2020-02-26 14:53:03.943  INFO 84792 --- [main] trationDelegate$BeanPostProcessorChecker : Bean 'org.springframework.transaction.annotation.ProxyTransactionManagementConfiguration' of type [org.springframework.transaction.annotation.ProxyTransactionManagementConfiguration$$EnhancerBySpringCGLIB$$f4b194d9] is not eligible for getting processed by all BeanPostProcessors (for example: not eligible for auto-proxying)
2020-02-26 14:53:05.202  INFO 84792 --- [main] o.s.b.w.embedded.tomcat.TomcatWebServer  : Tomcat initialized with port(s): 3333 (http)
2020-02-26 14:53:05.263  INFO 84792 --- [main] o.apache.catalina.core.StandardService   : Starting service [Tomcat]
2020-02-26 14:53:05.263  INFO 84792 --- [main] org.apache.catalina.core.StandardEngine  : Starting Servlet engine: [Apache Tomcat/9.0.30]
2020-02-26 14:53:05.497  INFO 84792 --- [main] o.a.c.c.C.[Tomcat].[localhost].[/]       : Initializing Spring embedded WebApplicationContext
2020-02-26 14:53:05.497  INFO 84792 --- [main] o.s.web.context.ContextLoader            : Root WebApplicationContext: initialization completed in 4409 ms
2020-02-26 14:53:05.804  INFO 84792 --- [main] com.zaxxer.hikari.HikariDataSource       : HikariPool-1 - Starting...
2020-02-26 14:53:06.464  INFO 84792 --- [main] com.zaxxer.hikari.HikariDataSource       : HikariPool-1 - Start completed.
2020-02-26 14:53:06.566  INFO 84792 --- [main] o.hibernate.jpa.internal.util.LogHelper  : HHH000204: Processing PersistenceUnitInfo [
	name: default
	...]
2020-02-26 14:53:06.758  INFO 84792 --- [main] org.hibernate.Version                    : HHH000412: Hibernate Core {5.3.15.Final}
2020-02-26 14:53:06.758  INFO 84792 --- [main] org.hibernate.cfg.Environment            : HHH000206: hibernate.properties not found
2020-02-26 14:53:07.066  INFO 84792 --- [main] o.hibernate.annotations.common.Version   : HCANN000001: Hibernate Commons Annotations {5.0.4.Final}
2020-02-26 14:53:07.305  INFO 84792 --- [main] org.hibernate.dialect.Dialect            : HHH000400: Using dialect: org.hibernate.dialect.MySQL8Dialect
2020-02-26 14:53:08.721  INFO 84792 --- [main] j.LocalContainerEntityManagerFactoryBean : Initialized JPA EntityManagerFactory for persistence unit 'default'
2020-02-26 14:53:09.417  INFO 84792 --- [main] o.s.s.concurrent.ThreadPoolTaskExecutor  : Initializing ExecutorService 'applicationTaskExecutor'
2020-02-26 14:53:09.517  WARN 84792 --- [main] aWebConfiguration$JpaWebMvcConfiguration : spring.jpa.open-in-view is enabled by default. Therefore, database queries may be performed during view rendering. Explicitly configure spring.jpa.open-in-view to disable this warning
2020-02-26 14:53:10.031  INFO 84792 --- [main] o.s.b.w.embedded.tomcat.TomcatWebServer  : Tomcat started on port(s): 3333 (http) with context path ''
2020-02-26 14:53:10.033  INFO 84792 --- [main] com.infy.chessapi.ApiApplication         : Started ApiApplication in 10.224 seconds (JVM running for 11.419)
2020-02-26 14:53:19.890  INFO 84792 --- [http-nio-3333-exec-1] o.a.c.c.C.[Tomcat].[localhost].[/]       : Initializing Spring DispatcherServlet 'dispatcherServlet'
2020-02-26 14:53:19.891  INFO 84792 --- [http-nio-3333-exec-1] o.s.web.servlet.DispatcherServlet        : Initializing Servlet 'dispatcherServlet'
2020-02-26 14:53:19.906  INFO 84792 --- [http-nio-3333-exec-1] o.s.web.servlet.DispatcherServlet        : Completed initialization in 15 ms
2020-02-26 14:56:56.130  INFO 62808 --- [main] com.infy.chessapi.ApiApplication         : Starting ApiApplication on BLRKEC149273L with PID 62808 (C:\Users\andy.dearing\Desktop\Chess\API\target\classes started by andy.dearing in C:\Users\andy.dearing\Desktop\Chess\API)
2020-02-26 14:56:56.146  INFO 62808 --- [main] com.infy.chessapi.ApiApplication         : No active profile set, falling back to default profiles: default
2020-02-26 14:56:58.018  INFO 62808 --- [main] .s.d.r.c.RepositoryConfigurationDelegate : Bootstrapping Spring Data JPA repositories in DEFAULT mode.
2020-02-26 14:56:58.073  INFO 62808 --- [main] .s.d.r.c.RepositoryConfigurationDelegate : Finished Spring Data repository scanning in 32ms. Found 0 JPA repository interfaces.
2020-02-26 14:56:58.971  INFO 62808 --- [main] trationDelegate$BeanPostProcessorChecker : Bean 'org.springframework.transaction.annotation.ProxyTransactionManagementConfiguration' of type [org.springframework.transaction.annotation.ProxyTransactionManagementConfiguration$$EnhancerBySpringCGLIB$$ea104009] is not eligible for getting processed by all BeanPostProcessors (for example: not eligible for auto-proxying)
2020-02-26 14:56:59.853  INFO 62808 --- [main] o.s.b.w.embedded.tomcat.TomcatWebServer  : Tomcat initialized with port(s): 3333 (http)
2020-02-26 14:56:59.911  INFO 62808 --- [main] o.apache.catalina.core.StandardService   : Starting service [Tomcat]
2020-02-26 14:56:59.911  INFO 62808 --- [main] org.apache.catalina.core.StandardEngine  : Starting Servlet engine: [Apache Tomcat/9.0.30]
2020-02-26 14:57:00.184  INFO 62808 --- [main] o.a.c.c.C.[Tomcat].[localhost].[/]       : Initializing Spring embedded WebApplicationContext
2020-02-26 14:57:00.184  INFO 62808 --- [main] o.s.web.context.ContextLoader            : Root WebApplicationContext: initialization completed in 3901 ms
2020-02-26 14:57:00.521  INFO 62808 --- [main] com.zaxxer.hikari.HikariDataSource       : HikariPool-1 - Starting...
2020-02-26 14:57:01.289  INFO 62808 --- [main] com.zaxxer.hikari.HikariDataSource       : HikariPool-1 - Start completed.
2020-02-26 14:57:01.384  INFO 62808 --- [main] o.hibernate.jpa.internal.util.LogHelper  : HHH000204: Processing PersistenceUnitInfo [
	name: default
	...]
2020-02-26 14:57:01.569  INFO 62808 --- [main] org.hibernate.Version                    : HHH000412: Hibernate Core {5.3.15.Final}
2020-02-26 14:57:01.587  INFO 62808 --- [main] org.hibernate.cfg.Environment            : HHH000206: hibernate.properties not found
2020-02-26 14:57:01.923  INFO 62808 --- [main] o.hibernate.annotations.common.Version   : HCANN000001: Hibernate Commons Annotations {5.0.4.Final}
2020-02-26 14:57:02.201  INFO 62808 --- [main] org.hibernate.dialect.Dialect            : HHH000400: Using dialect: org.hibernate.dialect.MySQL8Dialect
2020-02-26 14:57:03.620  INFO 62808 --- [main] j.LocalContainerEntityManagerFactoryBean : Initialized JPA EntityManagerFactory for persistence unit 'default'
2020-02-26 14:57:04.340  INFO 62808 --- [main] o.s.s.concurrent.ThreadPoolTaskExecutor  : Initializing ExecutorService 'applicationTaskExecutor'
2020-02-26 14:57:04.420  WARN 62808 --- [main] aWebConfiguration$JpaWebMvcConfiguration : spring.jpa.open-in-view is enabled by default. Therefore, database queries may be performed during view rendering. Explicitly configure spring.jpa.open-in-view to disable this warning
2020-02-26 14:57:04.946  INFO 62808 --- [main] o.s.b.w.embedded.tomcat.TomcatWebServer  : Tomcat started on port(s): 3333 (http) with context path ''
2020-02-26 14:57:04.956  INFO 62808 --- [main] com.infy.chessapi.ApiApplication         : Started ApiApplication in 9.812 seconds (JVM running for 11.046)
2020-02-26 14:57:51.207  INFO 5980 --- [main] com.infy.chessapi.ApiApplication         : Starting ApiApplication on BLRKEC149273L with PID 5980 (C:\Users\andy.dearing\Desktop\Chess\API\target\classes started by andy.dearing in C:\Users\andy.dearing\Desktop\Chess\API)
2020-02-26 14:57:51.223  INFO 5980 --- [main] com.infy.chessapi.ApiApplication         : No active profile set, falling back to default profiles: default
2020-02-26 14:57:53.163  INFO 5980 --- [main] .s.d.r.c.RepositoryConfigurationDelegate : Bootstrapping Spring Data JPA repositories in DEFAULT mode.
2020-02-26 14:57:53.254  INFO 5980 --- [main] .s.d.r.c.RepositoryConfigurationDelegate : Finished Spring Data repository scanning in 57ms. Found 0 JPA repository interfaces.
2020-02-26 14:57:54.269  INFO 5980 --- [main] trationDelegate$BeanPostProcessorChecker : Bean 'org.springframework.transaction.annotation.ProxyTransactionManagementConfiguration' of type [org.springframework.transaction.annotation.ProxyTransactionManagementConfiguration$$EnhancerBySpringCGLIB$$a7ea946b] is not eligible for getting processed by all BeanPostProcessors (for example: not eligible for auto-proxying)
2020-02-26 14:57:55.224  INFO 5980 --- [main] o.s.b.w.embedded.tomcat.TomcatWebServer  : Tomcat initialized with port(s): 3333 (http)
2020-02-26 14:57:55.292  INFO 5980 --- [main] o.apache.catalina.core.StandardService   : Starting service [Tomcat]
2020-02-26 14:57:55.292  INFO 5980 --- [main] org.apache.catalina.core.StandardEngine  : Starting Servlet engine: [Apache Tomcat/9.0.30]
2020-02-26 14:57:55.555  INFO 5980 --- [main] o.a.c.c.C.[Tomcat].[localhost].[/]       : Initializing Spring embedded WebApplicationContext
2020-02-26 14:57:55.571  INFO 5980 --- [main] o.s.web.context.ContextLoader            : Root WebApplicationContext: initialization completed in 4210 ms
2020-02-26 14:57:55.945  INFO 5980 --- [main] com.zaxxer.hikari.HikariDataSource       : HikariPool-1 - Starting...
2020-02-26 14:57:56.794  INFO 5980 --- [main] com.zaxxer.hikari.HikariDataSource       : HikariPool-1 - Start completed.
2020-02-26 14:57:56.886  INFO 5980 --- [main] o.hibernate.jpa.internal.util.LogHelper  : HHH000204: Processing PersistenceUnitInfo [
	name: default
	...]
2020-02-26 14:57:57.056  INFO 5980 --- [main] org.hibernate.Version                    : HHH000412: Hibernate Core {5.3.15.Final}
2020-02-26 14:57:57.056  INFO 5980 --- [main] org.hibernate.cfg.Environment            : HHH000206: hibernate.properties not found
2020-02-26 14:57:57.439  INFO 5980 --- [main] o.hibernate.annotations.common.Version   : HCANN000001: Hibernate Commons Annotations {5.0.4.Final}
2020-02-26 14:57:57.712  INFO 5980 --- [main] org.hibernate.dialect.Dialect            : HHH000400: Using dialect: org.hibernate.dialect.MySQL8Dialect
2020-02-26 14:57:59.034  INFO 5980 --- [main] j.LocalContainerEntityManagerFactoryBean : Initialized JPA EntityManagerFactory for persistence unit 'default'
2020-02-26 14:57:59.787  INFO 5980 --- [main] o.s.s.concurrent.ThreadPoolTaskExecutor  : Initializing ExecutorService 'applicationTaskExecutor'
2020-02-26 14:57:59.929  WARN 5980 --- [main] aWebConfiguration$JpaWebMvcConfiguration : spring.jpa.open-in-view is enabled by default. Therefore, database queries may be performed during view rendering. Explicitly configure spring.jpa.open-in-view to disable this warning
2020-02-26 14:58:00.577  INFO 5980 --- [main] o.s.b.w.embedded.tomcat.TomcatWebServer  : Tomcat started on port(s): 3333 (http) with context path ''
2020-02-26 14:58:00.582  INFO 5980 --- [main] com.infy.chessapi.ApiApplication         : Started ApiApplication in 20.303 seconds (JVM running for 21.408)
2020-02-26 14:58:05.152  INFO 5980 --- [http-nio-3333-exec-1] o.a.c.c.C.[Tomcat].[localhost].[/]       : Initializing Spring DispatcherServlet 'dispatcherServlet'
2020-02-26 14:58:05.152  INFO 5980 --- [http-nio-3333-exec-1] o.s.web.servlet.DispatcherServlet        : Initializing Servlet 'dispatcherServlet'
2020-02-26 14:58:05.166  INFO 5980 --- [http-nio-3333-exec-1] o.s.web.servlet.DispatcherServlet        : Completed initialization in 13 ms
2020-02-26 14:59:13.587  INFO 49404 --- [main] com.infy.chessapi.ApiApplication         : Starting ApiApplication on BLRKEC149273L with PID 49404 (C:\Users\andy.dearing\Desktop\Chess\API\target\classes started by andy.dearing in C:\Users\andy.dearing\Desktop\Chess\API)
2020-02-26 14:59:13.590  INFO 49404 --- [main] com.infy.chessapi.ApiApplication         : No active profile set, falling back to default profiles: default
2020-02-26 14:59:14.786  INFO 49404 --- [main] .s.d.r.c.RepositoryConfigurationDelegate : Bootstrapping Spring Data JPA repositories in DEFAULT mode.
2020-02-26 14:59:14.827  INFO 49404 --- [main] .s.d.r.c.RepositoryConfigurationDelegate : Finished Spring Data repository scanning in 40ms. Found 0 JPA repository interfaces.
2020-02-26 14:59:15.552  INFO 49404 --- [main] trationDelegate$BeanPostProcessorChecker : Bean 'org.springframework.transaction.annotation.ProxyTransactionManagementConfiguration' of type [org.springframework.transaction.annotation.ProxyTransactionManagementConfiguration$$EnhancerBySpringCGLIB$$c84f769c] is not eligible for getting processed by all BeanPostProcessors (for example: not eligible for auto-proxying)
2020-02-26 14:59:16.234  INFO 49404 --- [main] o.s.b.w.embedded.tomcat.TomcatWebServer  : Tomcat initialized with port(s): 3333 (http)
2020-02-26 14:59:16.319  INFO 49404 --- [main] o.apache.catalina.core.StandardService   : Starting service [Tomcat]
2020-02-26 14:59:16.319  INFO 49404 --- [main] org.apache.catalina.core.StandardEngine  : Starting Servlet engine: [Apache Tomcat/9.0.30]
2020-02-26 14:59:16.564  INFO 49404 --- [main] o.a.c.c.C.[Tomcat].[localhost].[/]       : Initializing Spring embedded WebApplicationContext
2020-02-26 14:59:16.564  INFO 49404 --- [main] o.s.web.context.ContextLoader            : Root WebApplicationContext: initialization completed in 2879 ms
2020-02-26 14:59:16.850  INFO 49404 --- [main] com.zaxxer.hikari.HikariDataSource       : HikariPool-1 - Starting...
2020-02-26 14:59:17.805  INFO 49404 --- [main] com.zaxxer.hikari.HikariDataSource       : HikariPool-1 - Start completed.
2020-02-26 14:59:17.887  INFO 49404 --- [main] o.hibernate.jpa.internal.util.LogHelper  : HHH000204: Processing PersistenceUnitInfo [
	name: default
	...]
2020-02-26 14:59:18.045  INFO 49404 --- [main] org.hibernate.Version                    : HHH000412: Hibernate Core {5.3.15.Final}
2020-02-26 14:59:18.047  INFO 49404 --- [main] org.hibernate.cfg.Environment            : HHH000206: hibernate.properties not found
2020-02-26 14:59:18.315  INFO 49404 --- [main] o.hibernate.annotations.common.Version   : HCANN000001: Hibernate Commons Annotations {5.0.4.Final}
2020-02-26 14:59:18.489  INFO 49404 --- [main] org.hibernate.dialect.Dialect            : HHH000400: Using dialect: org.hibernate.dialect.MySQL8Dialect
2020-02-26 14:59:19.826  INFO 49404 --- [main] j.LocalContainerEntityManagerFactoryBean : Initialized JPA EntityManagerFactory for persistence unit 'default'
2020-02-26 14:59:20.264  INFO 49404 --- [main] o.s.s.concurrent.ThreadPoolTaskExecutor  : Initializing ExecutorService 'applicationTaskExecutor'
2020-02-26 14:59:20.343  WARN 49404 --- [main] aWebConfiguration$JpaWebMvcConfiguration : spring.jpa.open-in-view is enabled by default. Therefore, database queries may be performed during view rendering. Explicitly configure spring.jpa.open-in-view to disable this warning
2020-02-26 14:59:20.700  INFO 49404 --- [main] o.s.b.w.embedded.tomcat.TomcatWebServer  : Tomcat started on port(s): 3333 (http) with context path ''
2020-02-26 14:59:20.703  INFO 49404 --- [main] com.infy.chessapi.ApiApplication         : Started ApiApplication in 7.888 seconds (JVM running for 8.435)
2020-02-26 14:59:20.950  INFO 49404 --- [http-nio-3333-exec-1] o.a.c.c.C.[Tomcat].[localhost].[/]       : Initializing Spring DispatcherServlet 'dispatcherServlet'
2020-02-26 14:59:20.951  INFO 49404 --- [http-nio-3333-exec-1] o.s.web.servlet.DispatcherServlet        : Initializing Servlet 'dispatcherServlet'
2020-02-26 14:59:20.961  INFO 49404 --- [http-nio-3333-exec-1] o.s.web.servlet.DispatcherServlet        : Completed initialization in 10 ms
2020-02-26 15:01:54.878  INFO 29984 --- [main] com.infy.chessapi.ApiApplication         : Starting ApiApplication on BLRKEC149273L with PID 29984 (C:\Users\andy.dearing\Desktop\Chess\API\target\classes started by andy.dearing in C:\Users\andy.dearing\Desktop\Chess\API)
2020-02-26 15:01:54.887  INFO 29984 --- [main] com.infy.chessapi.ApiApplication         : No active profile set, falling back to default profiles: default
2020-02-26 15:01:56.513  INFO 29984 --- [main] .s.d.r.c.RepositoryConfigurationDelegate : Bootstrapping Spring Data JPA repositories in DEFAULT mode.
2020-02-26 15:01:56.573  INFO 29984 --- [main] .s.d.r.c.RepositoryConfigurationDelegate : Finished Spring Data repository scanning in 50ms. Found 0 JPA repository interfaces.
2020-02-26 15:01:57.406  INFO 29984 --- [main] trationDelegate$BeanPostProcessorChecker : Bean 'org.springframework.transaction.annotation.ProxyTransactionManagementConfiguration' of type [org.springframework.transaction.annotation.ProxyTransactionManagementConfiguration$$EnhancerBySpringCGLIB$$f4deb11d] is not eligible for getting processed by all BeanPostProcessors (for example: not eligible for auto-proxying)
2020-02-26 15:01:58.208  INFO 29984 --- [main] o.s.b.w.embedded.tomcat.TomcatWebServer  : Tomcat initialized with port(s): 3333 (http)
2020-02-26 15:01:58.277  INFO 29984 --- [main] o.apache.catalina.core.StandardService   : Starting service [Tomcat]
2020-02-26 15:01:58.277  INFO 29984 --- [main] org.apache.catalina.core.StandardEngine  : Starting Servlet engine: [Apache Tomcat/9.0.30]
2020-02-26 15:01:58.526  INFO 29984 --- [main] o.a.c.c.C.[Tomcat].[localhost].[/]       : Initializing Spring embedded WebApplicationContext
2020-02-26 15:01:58.526  INFO 29984 --- [main] o.s.web.context.ContextLoader            : Root WebApplicationContext: initialization completed in 3507 ms
2020-02-26 15:01:58.825  INFO 29984 --- [main] com.zaxxer.hikari.HikariDataSource       : HikariPool-1 - Starting...
2020-02-26 15:01:59.473  INFO 29984 --- [main] com.zaxxer.hikari.HikariDataSource       : HikariPool-1 - Start completed.
2020-02-26 15:01:59.573  INFO 29984 --- [main] o.hibernate.jpa.internal.util.LogHelper  : HHH000204: Processing PersistenceUnitInfo [
	name: default
	...]
2020-02-26 15:01:59.781  INFO 29984 --- [main] org.hibernate.Version                    : HHH000412: Hibernate Core {5.3.15.Final}
2020-02-26 15:01:59.785  INFO 29984 --- [main] org.hibernate.cfg.Environment            : HHH000206: hibernate.properties not found
2020-02-26 15:02:00.315  INFO 29984 --- [main] o.hibernate.annotations.common.Version   : HCANN000001: Hibernate Commons Annotations {5.0.4.Final}
2020-02-26 15:02:00.616  INFO 29984 --- [main] org.hibernate.dialect.Dialect            : HHH000400: Using dialect: org.hibernate.dialect.MySQL8Dialect
2020-02-26 15:02:09.610  INFO 29984 --- [main] j.LocalContainerEntityManagerFactoryBean : Initialized JPA EntityManagerFactory for persistence unit 'default'
2020-02-26 15:02:10.272  INFO 29984 --- [main] o.s.s.concurrent.ThreadPoolTaskExecutor  : Initializing ExecutorService 'applicationTaskExecutor'
2020-02-26 15:02:10.369  WARN 29984 --- [main] aWebConfiguration$JpaWebMvcConfiguration : spring.jpa.open-in-view is enabled by default. Therefore, database queries may be performed during view rendering. Explicitly configure spring.jpa.open-in-view to disable this warning
2020-02-26 15:02:11.000  INFO 29984 --- [main] o.s.b.w.embedded.tomcat.TomcatWebServer  : Tomcat started on port(s): 3333 (http) with context path ''
2020-02-26 15:02:11.005  INFO 29984 --- [main] com.infy.chessapi.ApiApplication         : Started ApiApplication in 17.454 seconds (JVM running for 18.677)
2020-02-26 15:02:24.724  INFO 29984 --- [http-nio-3333-exec-2] o.a.c.c.C.[Tomcat].[localhost].[/]       : Initializing Spring DispatcherServlet 'dispatcherServlet'
2020-02-26 15:02:24.725  INFO 29984 --- [http-nio-3333-exec-2] o.s.web.servlet.DispatcherServlet        : Initializing Servlet 'dispatcherServlet'
2020-02-26 15:02:24.738  INFO 29984 --- [http-nio-3333-exec-2] o.s.web.servlet.DispatcherServlet        : Completed initialization in 13 ms
2020-02-26 15:03:13.927  INFO 58328 --- [main] com.infy.chessapi.ApiApplication         : Starting ApiApplication on BLRKEC149273L with PID 58328 (C:\Users\andy.dearing\Desktop\Chess\API\target\classes started by andy.dearing in C:\Users\andy.dearing\Desktop\Chess\API)
2020-02-26 15:03:13.927  INFO 58328 --- [main] com.infy.chessapi.ApiApplication         : No active profile set, falling back to default profiles: default
2020-02-26 15:03:15.129  INFO 58328 --- [main] .s.d.r.c.RepositoryConfigurationDelegate : Bootstrapping Spring Data JPA repositories in DEFAULT mode.
2020-02-26 15:03:15.160  INFO 58328 --- [main] .s.d.r.c.RepositoryConfigurationDelegate : Finished Spring Data repository scanning in 31ms. Found 0 JPA repository interfaces.
2020-02-26 15:03:15.772  INFO 58328 --- [main] trationDelegate$BeanPostProcessorChecker : Bean 'org.springframework.transaction.annotation.ProxyTransactionManagementConfiguration' of type [org.springframework.transaction.annotation.ProxyTransactionManagementConfiguration$$EnhancerBySpringCGLIB$$cf862bab] is not eligible for getting processed by all BeanPostProcessors (for example: not eligible for auto-proxying)
2020-02-26 15:03:16.483  INFO 58328 --- [main] o.s.b.w.embedded.tomcat.TomcatWebServer  : Tomcat initialized with port(s): 3333 (http)
2020-02-26 15:03:16.516  INFO 58328 --- [main] o.apache.catalina.core.StandardService   : Starting service [Tomcat]
2020-02-26 15:03:16.516  INFO 58328 --- [main] org.apache.catalina.core.StandardEngine  : Starting Servlet engine: [Apache Tomcat/9.0.30]
2020-02-26 15:03:16.760  INFO 58328 --- [main] o.a.c.c.C.[Tomcat].[localhost].[/]       : Initializing Spring embedded WebApplicationContext
2020-02-26 15:03:16.761  INFO 58328 --- [main] o.s.web.context.ContextLoader            : Root WebApplicationContext: initialization completed in 2737 ms
2020-02-26 15:03:17.020  INFO 58328 --- [main] com.zaxxer.hikari.HikariDataSource       : HikariPool-1 - Starting...
2020-02-26 15:03:17.847  INFO 58328 --- [main] com.zaxxer.hikari.HikariDataSource       : HikariPool-1 - Start completed.
2020-02-26 15:03:17.913  INFO 58328 --- [main] o.hibernate.jpa.internal.util.LogHelper  : HHH000204: Processing PersistenceUnitInfo [
	name: default
	...]
2020-02-26 15:03:18.034  INFO 58328 --- [main] org.hibernate.Version                    : HHH000412: Hibernate Core {5.3.15.Final}
2020-02-26 15:03:18.034  INFO 58328 --- [main] org.hibernate.cfg.Environment            : HHH000206: hibernate.properties not found
2020-02-26 15:03:18.339  INFO 58328 --- [main] o.hibernate.annotations.common.Version   : HCANN000001: Hibernate Commons Annotations {5.0.4.Final}
2020-02-26 15:03:18.635  INFO 58328 --- [main] org.hibernate.dialect.Dialect            : HHH000400: Using dialect: org.hibernate.dialect.MySQL8Dialect
2020-02-26 15:03:19.703  INFO 58328 --- [main] j.LocalContainerEntityManagerFactoryBean : Initialized JPA EntityManagerFactory for persistence unit 'default'
2020-02-26 15:03:20.100  INFO 58328 --- [main] o.s.s.concurrent.ThreadPoolTaskExecutor  : Initializing ExecutorService 'applicationTaskExecutor'
2020-02-26 15:03:20.185  WARN 58328 --- [main] aWebConfiguration$JpaWebMvcConfiguration : spring.jpa.open-in-view is enabled by default. Therefore, database queries may be performed during view rendering. Explicitly configure spring.jpa.open-in-view to disable this warning
2020-02-26 15:03:20.538  INFO 58328 --- [main] o.s.b.w.embedded.tomcat.TomcatWebServer  : Tomcat started on port(s): 3333 (http) with context path ''
2020-02-26 15:03:20.538  INFO 58328 --- [main] com.infy.chessapi.ApiApplication         : Started ApiApplication in 7.363 seconds (JVM running for 7.894)
2020-02-26 15:03:27.436  INFO 58328 --- [http-nio-3333-exec-2] o.a.c.c.C.[Tomcat].[localhost].[/]       : Initializing Spring DispatcherServlet 'dispatcherServlet'
2020-02-26 15:03:27.437  INFO 58328 --- [http-nio-3333-exec-2] o.s.web.servlet.DispatcherServlet        : Initializing Servlet 'dispatcherServlet'
2020-02-26 15:03:27.453  INFO 58328 --- [http-nio-3333-exec-2] o.s.web.servlet.DispatcherServlet        : Completed initialization in 15 ms
2020-02-26 15:03:38.935  INFO 42464 --- [main] com.infy.chessapi.ApiApplication         : Starting ApiApplication on BLRKEC149273L with PID 42464 (C:\Users\andy.dearing\Desktop\Chess\API\target\classes started by andy.dearing in C:\Users\andy.dearing\Desktop\Chess\API)
2020-02-26 15:03:38.953  INFO 42464 --- [main] com.infy.chessapi.ApiApplication         : No active profile set, falling back to default profiles: default
2020-02-26 15:03:40.756  INFO 42464 --- [main] .s.d.r.c.RepositoryConfigurationDelegate : Bootstrapping Spring Data JPA repositories in DEFAULT mode.
2020-02-26 15:03:40.802  INFO 42464 --- [main] .s.d.r.c.RepositoryConfigurationDelegate : Finished Spring Data repository scanning in 31ms. Found 0 JPA repository interfaces.
2020-02-26 15:03:41.713  INFO 42464 --- [main] trationDelegate$BeanPostProcessorChecker : Bean 'org.springframework.transaction.annotation.ProxyTransactionManagementConfiguration' of type [org.springframework.transaction.annotation.ProxyTransactionManagementConfiguration$$EnhancerBySpringCGLIB$$bb9141c8] is not eligible for getting processed by all BeanPostProcessors (for example: not eligible for auto-proxying)
2020-02-26 15:03:42.482  INFO 42464 --- [main] o.s.b.w.embedded.tomcat.TomcatWebServer  : Tomcat initialized with port(s): 3333 (http)
2020-02-26 15:03:42.532  INFO 42464 --- [main] o.apache.catalina.core.StandardService   : Starting service [Tomcat]
2020-02-26 15:03:42.532  INFO 42464 --- [main] org.apache.catalina.core.StandardEngine  : Starting Servlet engine: [Apache Tomcat/9.0.30]
2020-02-26 15:03:42.770  INFO 42464 --- [main] o.a.c.c.C.[Tomcat].[localhost].[/]       : Initializing Spring embedded WebApplicationContext
2020-02-26 15:03:42.771  INFO 42464 --- [main] o.s.web.context.ContextLoader            : Root WebApplicationContext: initialization completed in 3635 ms
2020-02-26 15:03:43.075  INFO 42464 --- [main] com.zaxxer.hikari.HikariDataSource       : HikariPool-1 - Starting...
2020-02-26 15:03:43.765  INFO 42464 --- [main] com.zaxxer.hikari.HikariDataSource       : HikariPool-1 - Start completed.
2020-02-26 15:03:43.849  INFO 42464 --- [main] o.hibernate.jpa.internal.util.LogHelper  : HHH000204: Processing PersistenceUnitInfo [
	name: default
	...]
2020-02-26 15:03:44.016  INFO 42464 --- [main] org.hibernate.Version                    : HHH000412: Hibernate Core {5.3.15.Final}
2020-02-26 15:03:44.016  INFO 42464 --- [main] org.hibernate.cfg.Environment            : HHH000206: hibernate.properties not found
2020-02-26 15:03:44.348  INFO 42464 --- [main] o.hibernate.annotations.common.Version   : HCANN000001: Hibernate Commons Annotations {5.0.4.Final}
2020-02-26 15:03:44.605  INFO 42464 --- [main] org.hibernate.dialect.Dialect            : HHH000400: Using dialect: org.hibernate.dialect.MySQL8Dialect
2020-02-26 15:03:45.929  INFO 42464 --- [main] j.LocalContainerEntityManagerFactoryBean : Initialized JPA EntityManagerFactory for persistence unit 'default'
2020-02-26 15:03:46.719  INFO 42464 --- [main] o.s.s.concurrent.ThreadPoolTaskExecutor  : Initializing ExecutorService 'applicationTaskExecutor'
2020-02-26 15:03:46.843  WARN 42464 --- [main] aWebConfiguration$JpaWebMvcConfiguration : spring.jpa.open-in-view is enabled by default. Therefore, database queries may be performed during view rendering. Explicitly configure spring.jpa.open-in-view to disable this warning
2020-02-26 15:03:47.528  INFO 42464 --- [main] o.s.b.w.embedded.tomcat.TomcatWebServer  : Tomcat started on port(s): 3333 (http) with context path ''
2020-02-26 15:03:47.528  INFO 42464 --- [main] com.infy.chessapi.ApiApplication         : Started ApiApplication in 9.546 seconds (JVM running for 10.626)
2020-02-26 15:03:55.330  INFO 42464 --- [http-nio-3333-exec-2] o.a.c.c.C.[Tomcat].[localhost].[/]       : Initializing Spring DispatcherServlet 'dispatcherServlet'
2020-02-26 15:03:55.331  INFO 42464 --- [http-nio-3333-exec-2] o.s.web.servlet.DispatcherServlet        : Initializing Servlet 'dispatcherServlet'
2020-02-26 15:03:55.348  INFO 42464 --- [http-nio-3333-exec-2] o.s.web.servlet.DispatcherServlet        : Completed initialization in 16 ms
2020-02-26 15:05:42.194  INFO 73060 --- [main] com.infy.chessapi.ApiApplication         : Starting ApiApplication on BLRKEC149273L with PID 73060 (C:\Users\andy.dearing\Desktop\Chess\API\target\classes started by andy.dearing in C:\Users\andy.dearing\Desktop\Chess\API)
2020-02-26 15:05:42.199  INFO 73060 --- [main] com.infy.chessapi.ApiApplication         : No active profile set, falling back to default profiles: default
2020-02-26 15:05:43.722  INFO 73060 --- [main] .s.d.r.c.RepositoryConfigurationDelegate : Bootstrapping Spring Data JPA repositories in DEFAULT mode.
2020-02-26 15:05:43.767  INFO 73060 --- [main] .s.d.r.c.RepositoryConfigurationDelegate : Finished Spring Data repository scanning in 33ms. Found 0 JPA repository interfaces.
2020-02-26 15:05:44.575  INFO 73060 --- [main] trationDelegate$BeanPostProcessorChecker : Bean 'org.springframework.transaction.annotation.ProxyTransactionManagementConfiguration' of type [org.springframework.transaction.annotation.ProxyTransactionManagementConfiguration$$EnhancerBySpringCGLIB$$90854b7f] is not eligible for getting processed by all BeanPostProcessors (for example: not eligible for auto-proxying)
2020-02-26 15:05:45.289  INFO 73060 --- [main] o.s.b.w.embedded.tomcat.TomcatWebServer  : Tomcat initialized with port(s): 3333 (http)
2020-02-26 15:05:45.347  INFO 73060 --- [main] o.apache.catalina.core.StandardService   : Starting service [Tomcat]
2020-02-26 15:05:45.348  INFO 73060 --- [main] org.apache.catalina.core.StandardEngine  : Starting Servlet engine: [Apache Tomcat/9.0.30]
2020-02-26 15:05:45.562  INFO 73060 --- [main] o.a.c.c.C.[Tomcat].[localhost].[/]       : Initializing Spring embedded WebApplicationContext
2020-02-26 15:05:45.562  INFO 73060 --- [main] o.s.web.context.ContextLoader            : Root WebApplicationContext: initialization completed in 3266 ms
2020-02-26 15:05:45.861  INFO 73060 --- [main] com.zaxxer.hikari.HikariDataSource       : HikariPool-1 - Starting...
2020-02-26 15:05:46.873  INFO 73060 --- [main] com.zaxxer.hikari.HikariDataSource       : HikariPool-1 - Start completed.
2020-02-26 15:05:46.939  INFO 73060 --- [main] o.hibernate.jpa.internal.util.LogHelper  : HHH000204: Processing PersistenceUnitInfo [
	name: default
	...]
2020-02-26 15:05:47.053  INFO 73060 --- [main] org.hibernate.Version                    : HHH000412: Hibernate Core {5.3.15.Final}
2020-02-26 15:05:47.053  INFO 73060 --- [main] org.hibernate.cfg.Environment            : HHH000206: hibernate.properties not found
2020-02-26 15:05:47.294  INFO 73060 --- [main] o.hibernate.annotations.common.Version   : HCANN000001: Hibernate Commons Annotations {5.0.4.Final}
2020-02-26 15:05:47.486  INFO 73060 --- [main] org.hibernate.dialect.Dialect            : HHH000400: Using dialect: org.hibernate.dialect.MySQL8Dialect
2020-02-26 15:05:48.441  INFO 73060 --- [main] j.LocalContainerEntityManagerFactoryBean : Initialized JPA EntityManagerFactory for persistence unit 'default'
2020-02-26 15:05:48.849  INFO 73060 --- [main] o.s.s.concurrent.ThreadPoolTaskExecutor  : Initializing ExecutorService 'applicationTaskExecutor'
2020-02-26 15:05:48.899  WARN 73060 --- [main] aWebConfiguration$JpaWebMvcConfiguration : spring.jpa.open-in-view is enabled by default. Therefore, database queries may be performed during view rendering. Explicitly configure spring.jpa.open-in-view to disable this warning
2020-02-26 15:05:49.244  INFO 73060 --- [main] o.s.b.w.embedded.tomcat.TomcatWebServer  : Tomcat started on port(s): 3333 (http) with context path ''
2020-02-26 15:05:49.247  INFO 73060 --- [main] com.infy.chessapi.ApiApplication         : Started ApiApplication in 7.829 seconds (JVM running for 8.35)
2020-02-26 15:05:54.059  INFO 73060 --- [http-nio-3333-exec-1] o.a.c.c.C.[Tomcat].[localhost].[/]       : Initializing Spring DispatcherServlet 'dispatcherServlet'
2020-02-26 15:05:54.060  INFO 73060 --- [http-nio-3333-exec-1] o.s.web.servlet.DispatcherServlet        : Initializing Servlet 'dispatcherServlet'
2020-02-26 15:05:54.076  INFO 73060 --- [http-nio-3333-exec-1] o.s.web.servlet.DispatcherServlet        : Completed initialization in 15 ms
2020-02-26 15:08:01.559  INFO 85604 --- [main] com.infy.chessapi.ApiApplication         : Starting ApiApplication on BLRKEC149273L with PID 85604 (C:\Users\andy.dearing\Desktop\Chess\API\target\classes started by andy.dearing in C:\Users\andy.dearing\Desktop\Chess\API)
2020-02-26 15:08:01.574  INFO 85604 --- [main] com.infy.chessapi.ApiApplication         : No active profile set, falling back to default profiles: default
2020-02-26 15:08:03.233  INFO 85604 --- [main] .s.d.r.c.RepositoryConfigurationDelegate : Bootstrapping Spring Data JPA repositories in DEFAULT mode.
2020-02-26 15:08:03.282  INFO 85604 --- [main] .s.d.r.c.RepositoryConfigurationDelegate : Finished Spring Data repository scanning in 32ms. Found 0 JPA repository interfaces.
2020-02-26 15:08:04.128  INFO 85604 --- [main] trationDelegate$BeanPostProcessorChecker : Bean 'org.springframework.transaction.annotation.ProxyTransactionManagementConfiguration' of type [org.springframework.transaction.annotation.ProxyTransactionManagementConfiguration$$EnhancerBySpringCGLIB$$99112c16] is not eligible for getting processed by all BeanPostProcessors (for example: not eligible for auto-proxying)
2020-02-26 15:08:04.955  INFO 85604 --- [main] o.s.b.w.embedded.tomcat.TomcatWebServer  : Tomcat initialized with port(s): 3333 (http)
2020-02-26 15:08:05.015  INFO 85604 --- [main] o.apache.catalina.core.StandardService   : Starting service [Tomcat]
2020-02-26 15:08:05.015  INFO 85604 --- [main] org.apache.catalina.core.StandardEngine  : Starting Servlet engine: [Apache Tomcat/9.0.30]
2020-02-26 15:08:05.234  INFO 85604 --- [main] o.a.c.c.C.[Tomcat].[localhost].[/]       : Initializing Spring embedded WebApplicationContext
2020-02-26 15:08:05.235  INFO 85604 --- [main] o.s.web.context.ContextLoader            : Root WebApplicationContext: initialization completed in 3524 ms
2020-02-26 15:08:05.543  INFO 85604 --- [main] com.zaxxer.hikari.HikariDataSource       : HikariPool-1 - Starting...
2020-02-26 15:08:06.226  INFO 85604 --- [main] com.zaxxer.hikari.HikariDataSource       : HikariPool-1 - Start completed.
2020-02-26 15:08:06.311  INFO 85604 --- [main] o.hibernate.jpa.internal.util.LogHelper  : HHH000204: Processing PersistenceUnitInfo [
	name: default
	...]
2020-02-26 15:08:06.502  INFO 85604 --- [main] org.hibernate.Version                    : HHH000412: Hibernate Core {5.3.15.Final}
2020-02-26 15:08:06.502  INFO 85604 --- [main] org.hibernate.cfg.Environment            : HHH000206: hibernate.properties not found
2020-02-26 15:08:06.820  INFO 85604 --- [main] o.hibernate.annotations.common.Version   : HCANN000001: Hibernate Commons Annotations {5.0.4.Final}
2020-02-26 15:08:07.072  INFO 85604 --- [main] org.hibernate.dialect.Dialect            : HHH000400: Using dialect: org.hibernate.dialect.MySQL8Dialect
2020-02-26 15:08:08.437  INFO 85604 --- [main] j.LocalContainerEntityManagerFactoryBean : Initialized JPA EntityManagerFactory for persistence unit 'default'
2020-02-26 15:08:38.723  INFO 44916 --- [main] com.infy.chessapi.ApiApplication         : Starting ApiApplication on BLRKEC149273L with PID 44916 (C:\Users\andy.dearing\Desktop\Chess\API\target\classes started by andy.dearing in C:\Users\andy.dearing\Desktop\Chess\API)
2020-02-26 15:08:38.733  INFO 44916 --- [main] com.infy.chessapi.ApiApplication         : No active profile set, falling back to default profiles: default
2020-02-26 15:08:40.517  INFO 44916 --- [main] .s.d.r.c.RepositoryConfigurationDelegate : Bootstrapping Spring Data JPA repositories in DEFAULT mode.
2020-02-26 15:08:40.555  INFO 44916 --- [main] .s.d.r.c.RepositoryConfigurationDelegate : Finished Spring Data repository scanning in 22ms. Found 0 JPA repository interfaces.
2020-02-26 15:08:41.457  INFO 44916 --- [main] trationDelegate$BeanPostProcessorChecker : Bean 'org.springframework.transaction.annotation.ProxyTransactionManagementConfiguration' of type [org.springframework.transaction.annotation.ProxyTransactionManagementConfiguration$$EnhancerBySpringCGLIB$$bb1ab22f] is not eligible for getting processed by all BeanPostProcessors (for example: not eligible for auto-proxying)
2020-02-26 15:08:42.284  INFO 44916 --- [main] o.s.b.w.embedded.tomcat.TomcatWebServer  : Tomcat initialized with port(s): 3333 (http)
2020-02-26 15:08:42.358  INFO 44916 --- [main] o.apache.catalina.core.StandardService   : Starting service [Tomcat]
2020-02-26 15:08:42.359  INFO 44916 --- [main] org.apache.catalina.core.StandardEngine  : Starting Servlet engine: [Apache Tomcat/9.0.30]
2020-02-26 15:08:42.573  INFO 44916 --- [main] o.a.c.c.C.[Tomcat].[localhost].[/]       : Initializing Spring embedded WebApplicationContext
2020-02-26 15:08:42.573  INFO 44916 --- [main] o.s.web.context.ContextLoader            : Root WebApplicationContext: initialization completed in 3710 ms
2020-02-26 15:08:42.889  INFO 44916 --- [main] com.zaxxer.hikari.HikariDataSource       : HikariPool-1 - Starting...
2020-02-26 15:08:43.525  INFO 44916 --- [main] com.zaxxer.hikari.HikariDataSource       : HikariPool-1 - Start completed.
2020-02-26 15:08:43.607  INFO 44916 --- [main] o.hibernate.jpa.internal.util.LogHelper  : HHH000204: Processing PersistenceUnitInfo [
	name: default
	...]
2020-02-26 15:08:43.777  INFO 44916 --- [main] org.hibernate.Version                    : HHH000412: Hibernate Core {5.3.15.Final}
2020-02-26 15:08:43.780  INFO 44916 --- [main] org.hibernate.cfg.Environment            : HHH000206: hibernate.properties not found
2020-02-26 15:08:44.097  INFO 44916 --- [main] o.hibernate.annotations.common.Version   : HCANN000001: Hibernate Commons Annotations {5.0.4.Final}
2020-02-26 15:08:44.346  INFO 44916 --- [main] org.hibernate.dialect.Dialect            : HHH000400: Using dialect: org.hibernate.dialect.MySQL8Dialect
2020-02-26 15:08:54.613  INFO 44916 --- [main] j.LocalContainerEntityManagerFactoryBean : Initialized JPA EntityManagerFactory for persistence unit 'default'
2020-02-26 15:08:55.266  INFO 44916 --- [main] o.s.s.concurrent.ThreadPoolTaskExecutor  : Initializing ExecutorService 'applicationTaskExecutor'
2020-02-26 15:08:55.360  WARN 44916 --- [main] aWebConfiguration$JpaWebMvcConfiguration : spring.jpa.open-in-view is enabled by default. Therefore, database queries may be performed during view rendering. Explicitly configure spring.jpa.open-in-view to disable this warning
2020-02-26 15:08:55.974  INFO 44916 --- [main] o.s.b.w.embedded.tomcat.TomcatWebServer  : Tomcat started on port(s): 3333 (http) with context path ''
2020-02-26 15:08:55.974  INFO 44916 --- [main] com.infy.chessapi.ApiApplication         : Started ApiApplication in 18.345 seconds (JVM running for 19.93)
2020-02-26 15:09:04.716  INFO 44916 --- [http-nio-3333-exec-2] o.a.c.c.C.[Tomcat].[localhost].[/]       : Initializing Spring DispatcherServlet 'dispatcherServlet'
2020-02-26 15:09:04.718  INFO 44916 --- [http-nio-3333-exec-2] o.s.web.servlet.DispatcherServlet        : Initializing Servlet 'dispatcherServlet'
2020-02-26 15:09:04.732  INFO 44916 --- [http-nio-3333-exec-2] o.s.web.servlet.DispatcherServlet        : Completed initialization in 13 ms
2020-02-26 15:13:01.865  INFO 57960 --- [main] com.infy.chessapi.ApiApplication         : Starting ApiApplication on BLRKEC149273L with PID 57960 (C:\Users\andy.dearing\Desktop\Chess\API\target\classes started by andy.dearing in C:\Users\andy.dearing\Desktop\Chess\API)
2020-02-26 15:13:01.865  INFO 57960 --- [main] com.infy.chessapi.ApiApplication         : No active profile set, falling back to default profiles: default
2020-02-26 15:13:03.133  INFO 57960 --- [main] .s.d.r.c.RepositoryConfigurationDelegate : Bootstrapping Spring Data JPA repositories in DEFAULT mode.
2020-02-26 15:13:03.164  INFO 57960 --- [main] .s.d.r.c.RepositoryConfigurationDelegate : Finished Spring Data repository scanning in 31ms. Found 0 JPA repository interfaces.
2020-02-26 15:13:03.889  INFO 57960 --- [main] trationDelegate$BeanPostProcessorChecker : Bean 'org.springframework.transaction.annotation.ProxyTransactionManagementConfiguration' of type [org.springframework.transaction.annotation.ProxyTransactionManagementConfiguration$$EnhancerBySpringCGLIB$$5d4e92f2] is not eligible for getting processed by all BeanPostProcessors (for example: not eligible for auto-proxying)
2020-02-26 15:13:04.507  INFO 57960 --- [main] o.s.b.w.embedded.tomcat.TomcatWebServer  : Tomcat initialized with port(s): 3333 (http)
2020-02-26 15:13:04.563  INFO 57960 --- [main] o.apache.catalina.core.StandardService   : Starting service [Tomcat]
2020-02-26 15:13:04.563  INFO 57960 --- [main] org.apache.catalina.core.StandardEngine  : Starting Servlet engine: [Apache Tomcat/9.0.30]
2020-02-26 15:13:04.735  INFO 57960 --- [main] o.a.c.c.C.[Tomcat].[localhost].[/]       : Initializing Spring embedded WebApplicationContext
2020-02-26 15:13:04.736  INFO 57960 --- [main] o.s.web.context.ContextLoader            : Root WebApplicationContext: initialization completed in 2775 ms
2020-02-26 15:13:04.945  INFO 57960 --- [main] com.zaxxer.hikari.HikariDataSource       : HikariPool-1 - Starting...
2020-02-26 15:13:05.841  INFO 57960 --- [main] com.zaxxer.hikari.HikariDataSource       : HikariPool-1 - Start completed.
2020-02-26 15:13:05.909  INFO 57960 --- [main] o.hibernate.jpa.internal.util.LogHelper  : HHH000204: Processing PersistenceUnitInfo [
	name: default
	...]
2020-02-26 15:13:06.033  INFO 57960 --- [main] org.hibernate.Version                    : HHH000412: Hibernate Core {5.3.15.Final}
2020-02-26 15:13:06.033  INFO 57960 --- [main] org.hibernate.cfg.Environment            : HHH000206: hibernate.properties not found
2020-02-26 15:13:06.422  INFO 57960 --- [main] o.hibernate.annotations.common.Version   : HCANN000001: Hibernate Commons Annotations {5.0.4.Final}
2020-02-26 15:13:06.647  INFO 57960 --- [main] org.hibernate.dialect.Dialect            : HHH000400: Using dialect: org.hibernate.dialect.MySQL8Dialect
2020-02-26 15:13:08.179  INFO 57960 --- [main] j.LocalContainerEntityManagerFactoryBean : Initialized JPA EntityManagerFactory for persistence unit 'default'
2020-02-26 15:13:08.648  INFO 57960 --- [main] o.s.s.concurrent.ThreadPoolTaskExecutor  : Initializing ExecutorService 'applicationTaskExecutor'
2020-02-26 15:13:08.752  WARN 57960 --- [main] aWebConfiguration$JpaWebMvcConfiguration : spring.jpa.open-in-view is enabled by default. Therefore, database queries may be performed during view rendering. Explicitly configure spring.jpa.open-in-view to disable this warning
2020-02-26 15:13:09.103  INFO 57960 --- [main] o.s.b.w.embedded.tomcat.TomcatWebServer  : Tomcat started on port(s): 3333 (http) with context path ''
2020-02-26 15:13:09.116  INFO 57960 --- [main] com.infy.chessapi.ApiApplication         : Started ApiApplication in 8.073 seconds (JVM running for 8.624)
2020-02-26 15:13:15.455  INFO 57960 --- [http-nio-3333-exec-1] o.a.c.c.C.[Tomcat].[localhost].[/]       : Initializing Spring DispatcherServlet 'dispatcherServlet'
2020-02-26 15:13:15.456  INFO 57960 --- [http-nio-3333-exec-1] o.s.web.servlet.DispatcherServlet        : Initializing Servlet 'dispatcherServlet'
2020-02-26 15:13:15.468  INFO 57960 --- [http-nio-3333-exec-1] o.s.web.servlet.DispatcherServlet        : Completed initialization in 12 ms
